0 info it worked if it ends with ok
1 verbose cli [ 'node', '/usr/local/bin/npm', 'install' ]
2 info using npm@3.9.3
3 info using node@v0.10.25
4 verbose node symlink /usr/bin/node
5 silly loadCurrentTree Starting
6 silly install loadCurrentTree
7 silly install readLocalPackageData
8 silly install normalizeTree
9 silly loadCurrentTree Finishing
10 silly loadIdealTree Starting
11 silly install loadIdealTree
12 silly cloneCurrentTree Starting
13 silly install cloneCurrentTreeToIdealTree
14 silly cloneCurrentTree Finishing
15 silly loadShrinkwrap Starting
16 silly install loadShrinkwrap
17 silly loadShrinkwrap Finishing
18 silly loadAllDepsIntoIdealTree Starting
19 silly install loadAllDepsIntoIdealTree
20 silly fetchNamedPackageData partnr-style-guide
21 silly mapToRegistry name partnr-style-guide
22 silly mapToRegistry using default registry
23 silly mapToRegistry registry https://registry.npmjs.org/
24 silly mapToRegistry data { raw: 'partnr-style-guide',
24 silly mapToRegistry   scope: null,
24 silly mapToRegistry   name: 'partnr-style-guide',
24 silly mapToRegistry   rawSpec: '',
24 silly mapToRegistry   spec: 'latest',
24 silly mapToRegistry   type: 'tag' }
25 silly mapToRegistry uri https://registry.npmjs.org/partnr-style-guide
26 verbose request uri https://registry.npmjs.org/partnr-style-guide
27 verbose request no auth needed
28 info attempt registry request try #1 at 04:37:37
29 verbose request id b1862e85bc470aca
30 verbose etag "256DK8U2RQ67NSV23MUG64GFV"
31 http request GET https://registry.npmjs.org/partnr-style-guide
32 http 304 https://registry.npmjs.org/partnr-style-guide
33 verbose headers { date: 'Tue, 02 Aug 2016 04:37:37 GMT',
33 verbose headers   via: '1.1 varnish',
33 verbose headers   'cache-control': 'max-age=300',
33 verbose headers   etag: '"256DK8U2RQ67NSV23MUG64GFV"',
33 verbose headers   age: '106',
33 verbose headers   connection: 'keep-alive',
33 verbose headers   'x-served-by': 'cache-bos8235-BOS',
33 verbose headers   'x-cache': 'HIT',
33 verbose headers   'x-cache-hits': '1',
33 verbose headers   'x-timer': 'S1470112657.835698,VS0,VE0',
33 verbose headers   vary: 'Accept-Encoding' }
34 silly get cb [ 304,
34 silly get   { date: 'Tue, 02 Aug 2016 04:37:37 GMT',
34 silly get     via: '1.1 varnish',
34 silly get     'cache-control': 'max-age=300',
34 silly get     etag: '"256DK8U2RQ67NSV23MUG64GFV"',
34 silly get     age: '106',
34 silly get     connection: 'keep-alive',
34 silly get     'x-served-by': 'cache-bos8235-BOS',
34 silly get     'x-cache': 'HIT',
34 silly get     'x-cache-hits': '1',
34 silly get     'x-timer': 'S1470112657.835698,VS0,VE0',
34 silly get     vary: 'Accept-Encoding' } ]
35 verbose etag https://registry.npmjs.org/partnr-style-guide from cache
36 verbose get saving partnr-style-guide to /home/vagrant/.npm/registry.npmjs.org/partnr-style-guide/.cache.json
37 verbose correctMkdir /home/vagrant/.npm correctMkdir not in flight; initializing
38 silly fetchNamedPackageData No valid target from cache, forcing network
39 verbose request uri https://registry.npmjs.org/partnr-style-guide
40 verbose request no auth needed
41 info attempt registry request try #1 at 04:37:38
42 http request GET https://registry.npmjs.org/partnr-style-guide
43 http 200 https://registry.npmjs.org/partnr-style-guide
44 verbose headers { server: 'CouchDB/1.5.0 (Erlang OTP/R16B03)',
44 verbose headers   etag: '"256DK8U2RQ67NSV23MUG64GFV"',
44 verbose headers   'content-type': 'application/json',
44 verbose headers   'content-encoding': 'gzip',
44 verbose headers   'cache-control': 'max-age=300',
44 verbose headers   'content-length': '4413',
44 verbose headers   'accept-ranges': 'bytes',
44 verbose headers   date: 'Tue, 02 Aug 2016 04:37:38 GMT',
44 verbose headers   via: '1.1 varnish',
44 verbose headers   age: '106',
44 verbose headers   connection: 'keep-alive',
44 verbose headers   'x-served-by': 'cache-bos8224-BOS',
44 verbose headers   'x-cache': 'HIT',
44 verbose headers   'x-cache-hits': '1',
44 verbose headers   'x-timer': 'S1470112658.168493,VS0,VE0',
44 verbose headers   vary: 'Accept-Encoding' }
45 silly get cb [ 200,
45 silly get   { server: 'CouchDB/1.5.0 (Erlang OTP/R16B03)',
45 silly get     etag: '"256DK8U2RQ67NSV23MUG64GFV"',
45 silly get     'content-type': 'application/json',
45 silly get     'content-encoding': 'gzip',
45 silly get     'cache-control': 'max-age=300',
45 silly get     'content-length': '4413',
45 silly get     'accept-ranges': 'bytes',
45 silly get     date: 'Tue, 02 Aug 2016 04:37:38 GMT',
45 silly get     via: '1.1 varnish',
45 silly get     age: '106',
45 silly get     connection: 'keep-alive',
45 silly get     'x-served-by': 'cache-bos8224-BOS',
45 silly get     'x-cache': 'HIT',
45 silly get     'x-cache-hits': '1',
45 silly get     'x-timer': 'S1470112658.168493,VS0,VE0',
45 silly get     vary: 'Accept-Encoding' } ]
46 verbose get saving partnr-style-guide to /home/vagrant/.npm/registry.npmjs.org/partnr-style-guide/.cache.json
47 verbose correctMkdir /home/vagrant/.npm correctMkdir not in flight; initializing
48 silly fetchPackageMetaData Error: No compatible version found: partnr-style-guide@0.0.26
48 silly fetchPackageMetaData Valid install targets:
48 silly fetchPackageMetaData 0.0.25, 0.0.24, 0.0.23, 0.0.22, 0.0.21, 0.0.20, 0.0.19, 0.0.18, 0.0.17, 0.0.16, 0.0.15, 0.0.12, 0.0.11, 0.0.10, 0.0.8, 0.0.6, 0.0.5, 0.0.4, 0.0.3, 0.0.2, 0.0.1
48 silly fetchPackageMetaData
48 silly fetchPackageMetaData     at pickVersionFromRegistryDocument (/usr/local/lib/node_modules/npm/lib/fetch-package-metadata.js:170:16)
48 silly fetchPackageMetaData     at /usr/local/lib/node_modules/npm/node_modules/iferr/index.js:13:50
48 silly fetchPackageMetaData     at /usr/local/lib/node_modules/npm/lib/utils/pulse-till-done.js:19:8
48 silly fetchPackageMetaData     at saved (/usr/local/lib/node_modules/npm/lib/cache/caching-client.js:174:7)
48 silly fetchPackageMetaData     at /usr/local/lib/node_modules/npm/node_modules/graceful-fs/polyfills.js:210:7
48 silly fetchPackageMetaData     at Object.oncomplete (fs.js:107:15)
48 silly fetchPackageMetaData  error for partnr-style-guide@0.0.26 [Error: No compatible version found: partnr-style-guide@0.0.26
48 silly fetchPackageMetaData Valid install targets:
48 silly fetchPackageMetaData 0.0.25, 0.0.24, 0.0.23, 0.0.22, 0.0.21, 0.0.20, 0.0.19, 0.0.18, 0.0.17, 0.0.16, 0.0.15, 0.0.12, 0.0.11, 0.0.10, 0.0.8, 0.0.6, 0.0.5, 0.0.4, 0.0.3, 0.0.2, 0.0.1
48 silly fetchPackageMetaData ]
49 silly rollbackFailedOptional Starting
50 silly rollbackFailedOptional Finishing
51 silly runTopLevelLifecycles Starting
52 silly runTopLevelLifecycles Finishing
53 silly install printInstalled
54 verbose stack Error: No compatible version found: partnr-style-guide@0.0.26
54 verbose stack Valid install targets:
54 verbose stack 0.0.25, 0.0.24, 0.0.23, 0.0.22, 0.0.21, 0.0.20, 0.0.19, 0.0.18, 0.0.17, 0.0.16, 0.0.15, 0.0.12, 0.0.11, 0.0.10, 0.0.8, 0.0.6, 0.0.5, 0.0.4, 0.0.3, 0.0.2, 0.0.1
54 verbose stack
54 verbose stack     at pickVersionFromRegistryDocument (/usr/local/lib/node_modules/npm/lib/fetch-package-metadata.js:170:16)
54 verbose stack     at /usr/local/lib/node_modules/npm/node_modules/iferr/index.js:13:50
54 verbose stack     at /usr/local/lib/node_modules/npm/lib/utils/pulse-till-done.js:19:8
54 verbose stack     at saved (/usr/local/lib/node_modules/npm/lib/cache/caching-client.js:174:7)
54 verbose stack     at /usr/local/lib/node_modules/npm/node_modules/graceful-fs/polyfills.js:210:7
54 verbose stack     at Object.oncomplete (fs.js:107:15)
55 verbose cwd /vagrant
56 error Linux 3.13.0-86-generic
57 error argv "node" "/usr/local/bin/npm" "install"
58 error node v0.10.25
59 error npm  v3.9.3
60 error No compatible version found: partnr-style-guide@0.0.26
60 error Valid install targets:
60 error 0.0.25, 0.0.24, 0.0.23, 0.0.22, 0.0.21, 0.0.20, 0.0.19, 0.0.18, 0.0.17, 0.0.16, 0.0.15, 0.0.12, 0.0.11, 0.0.10, 0.0.8, 0.0.6, 0.0.5, 0.0.4, 0.0.3, 0.0.2, 0.0.1
61 error If you need help, you may report this error at:
61 error     <https://github.com/npm/npm/issues>
62 verbose exit [ 1, true ]
